2014-04-06 12:13:48.079 phantomjs[2521:507] *** WARNING: Method userSpaceScaleFactor in class NSView is deprecated on 10.7 and later. It should not be used in new applications. Use convertRectToBacking: instead. 
PhantomJS is launching GhostDriver...
[INFO  - 2014-04-06T16:13:48.129Z] GhostDriver - Main - running on port 56530
[INFO  - 2014-04-06T16:13:48.252Z] Session [6f670490-bda6-11e3-9e10-419c42d92528] - _decorateNewWindow - page.settings: {"XSSAuditingEnabled":false,"javascriptCanCloseWindows":true,"javascriptCanOpenWindows":true,"javascriptEnabled":true,"loadImages":true,"localToRemoteUrlAccessEnabled":false,"userAgent":"Mozilla/5.0 (Macintosh; Intel Mac OS X) AppleWebKit/534.34 (KHTML, like Gecko) PhantomJS/1.9.2 Safari/534.34","webSecurityEnabled":true}
[INFO  - 2014-04-06T16:13:48.252Z] Session [6f670490-bda6-11e3-9e10-419c42d92528] - page.customHeaders:  - {}
[INFO  - 2014-04-06T16:13:48.252Z] Session [6f670490-bda6-11e3-9e10-419c42d92528] - CONSTRUCTOR - Desired Capabilities: {"platform":"ANY","browserName":"phantomjs","version":"","javascriptEnabled":true}
[INFO  - 2014-04-06T16:13:48.252Z] Session [6f670490-bda6-11e3-9e10-419c42d92528] - CONSTRUCTOR - Negotiated Capabilities: {"browserName":"phantomjs","version":"1.9.2","driverName":"ghostdriver","driverVersion":"1.0.4","platform":"mac-unknown-32bit","javascriptEnabled":true,"takesScreenshot":true,"handlesAlerts":false,"databaseEnabled":false,"locationContextEnabled":false,"applicationCacheEnabled":false,"browserConnectionEnabled":false,"cssSelectorsEnabled":true,"webStorageEnabled":false,"rotatable":false,"acceptSslCerts":false,"nativeEvents":true,"proxy":{"proxyType":"direct"}}
[INFO  - 2014-04-06T16:13:48.252Z] SessionManagerReqHand - _postNewSessionCommand - New Session Created: 6f670490-bda6-11e3-9e10-419c42d92528
[ERROR - 2014-04-06T16:13:48.739Z] Session [6f670490-bda6-11e3-9e10-419c42d92528] - Page at 'https://github.com/login' - Console Error (msg): TypeError: 'undefined' is not a function (evaluating 'Array.prototype.forEach.call.bind(Array.prototype.forEach)')
[ERROR - 2014-04-06T16:13:48.739Z] Session [6f670490-bda6-11e3-9e10-419c42d92528] - Page at 'https://github.com/login' - Console Error (stack): [
  {
    "file": "https://github.global.ssl.fastly.net/assets/frameworks-9b189547126fdf7430e86089dd7e61015ba96a67.js",
    "line": 1,
    "function": ""
  },
  {
    "file": "https://github.global.ssl.fastly.net/assets/frameworks-9b189547126fdf7430e86089dd7e61015ba96a67.js",
    "line": 1,
    "function": ""
  }
]
[ERROR - 2014-04-06T16:13:48.781Z] Session [6f670490-bda6-11e3-9e10-419c42d92528] - Page at 'https://github.com/login' - Console Error (msg): ReferenceError: Can't find variable: $
[ERROR - 2014-04-06T16:13:48.781Z] Session [6f670490-bda6-11e3-9e10-419c42d92528] - Page at 'https://github.com/login' - Console Error (stack): [
  {
    "file": "https://github.global.ssl.fastly.net/assets/github-ce8a31eeebca1583dd5ef0cafffafe528409e200.js",
    "line": 1,
    "function": ""
  },
  {
    "file": "https://github.global.ssl.fastly.net/assets/github-ce8a31eeebca1583dd5ef0cafffafe528409e200.js",
    "line": 1,
    "function": ""
  }
]
